{
  "0 error pnpm": {
    "message": {
      "code": "ERR_PNPM_UNSUPPORTED_ENGINE",
      "packageId": "/Users/Panoply/Sites/project",
      "wanted": {
        "pnpm": ">=5"
      },
      "current": {
        "node": "v14.3.0",
        "pnpm": "4.14.4"
      }
    },
    "err": {
      "name": "Error",
      "message": "Unsupported engine for /Users/Panoply/Sites/project: wanted: {\"pnpm\":\">=5\"} (current: {\"node\":\"v14.3.0\",\"pnpm\":\"4.14.4\"})",
      "code": "ERR_PNPM_UNSUPPORTED_ENGINE",
      "stack": "Error: Unsupported engine for /Users/Panoply/Sites/project: wanted: {\"pnpm\":\">=5\"} (current: {\"node\":\"v14.3.0\",\"pnpm\":\"4.14.4\"})\n    at Object.checkEngine [as default] (/Users/Panoply/Sites/project/node_modules/.pnpm/pnpm@4.14.4/node_modules/pnpm/lib/node_modules/@pnpm/package-is-installable/lib/checkEngine.js:25:16)\n    at Object.checkPackage (/Users/Panoply/Sites/project/node_modules/.pnpm/pnpm@4.14.4/node_modules/pnpm/lib/node_modules/@pnpm/package-is-installable/lib/index.js:39:30)\n    at Object.packageIsInstallable (/Users/Panoply/Sites/project/node_modules/.pnpm/pnpm@4.14.4/node_modules/pnpm/lib/node_modules/@pnpm/cli-utils/lib/packageIsInstallable.js:9:42)\n    at Object.exports.default (/Users/Panoply/Sites/project/node_modules/.pnpm/pnpm@4.14.4/node_modules/pnpm/lib/node_modules/@pnpm/find-workspace-packages/lib/index.js:25:21)\n    at async run (/Users/Panoply/Sites/project/node_modules/.pnpm/pnpm@4.14.4/node_modules/pnpm/lib/main.js:115:29)\n    at async runPnpm (/Users/Panoply/Sites/project/node_modules/.pnpm/pnpm@4.14.4/node_modules/pnpm/lib/bin/pnpm.js:70:9)\n    at async /Users/Panoply/Sites/project/node_modules/.pnpm/pnpm@4.14.4/node_modules/pnpm/lib/bin/pnpm.js:62:13"
    }
  }
}