{
  "0 debug pnpm:scope": {
    "selected": 1,
    "workspacePrefix": "/Users/Panoply/Sites/project"
  },
  "1 error pnpm": {
    "errno": 1,
    "code": "ELIFECYCLE",
    "pkgid": "@liquify/cli@0.0.0",
    "stage": "liquify",
    "script": "./bin/liquify",
    "pkgname": "@liquify/cli",
    "err": {
      "name": "Error",
      "message": "@liquify/cli@0.0.0 liquify: `./bin/liquify`\nExit status 1",
      "code": "ELIFECYCLE",
      "stack": "Error: @liquify/cli@0.0.0 liquify: `./bin/liquify`\nExit status 1\n    at EventEmitter.<anonymous> (/Users/Panoply/.nvm/versions/node/v14.3.0/pnpm-global/5/node_modules/.pnpm/pnpm@6.2.3/node_modules/pnpm/dist/pnpm.cjs:102995:18)\n    at EventEmitter.emit (events.js:315:20)\n    at ChildProcess.<anonymous> (/Users/Panoply/.nvm/versions/node/v14.3.0/pnpm-global/5/node_modules/.pnpm/pnpm@6.2.3/node_modules/pnpm/dist/pnpm.cjs:91375:16)\n    at ChildProcess.emit (events.js:315:20)\n    at maybeClose (internal/child_process.js:1051:16)\n    at Process.ChildProcess._handle.onexit (internal/child_process.js:287:5)"
    }
  }
}