{
  "0 debug pnpm:scope": {
    "selected": 1,
    "workspacePrefix": "/Users/Panoply/Sites/liquify"
  },
  "1 error pnpm": {
    "errno": 1,
    "code": "ELIFECYCLE",
    "pkgid": "@liquify/liquid-language-specs@0.1.2",
    "stage": "build",
    "script": "rollup -c --environment prod && tsc --emitDeclarationOnly",
    "pkgname": "@liquify/liquid-language-specs",
    "err": {
      "name": "pnpm",
      "message": "@liquify/liquid-language-specs@0.1.2 build: `rollup -c --environment prod && tsc --emitDeclarationOnly`\nExit status 1",
      "code": "ELIFECYCLE",
      "stack": "pnpm: @liquify/liquid-language-specs@0.1.2 build: `rollup -c --environment prod && tsc --emitDeclarationOnly`\nExit status 1\n    at EventEmitter.<anonymous> (/Users/Panoply/.nvm/versions/node/v14.17.0/pnpm-global/5/node_modules/.pnpm/pnpm@6.32.1/node_modules/pnpm/dist/pnpm.cjs:105685:20)\n    at EventEmitter.emit (events.js:376:20)\n    at ChildProcess.<anonymous> (/Users/Panoply/.nvm/versions/node/v14.17.0/pnpm-global/5/node_modules/.pnpm/pnpm@6.32.1/node_modules/pnpm/dist/pnpm.cjs:92232:18)\n    at ChildProcess.emit (events.js:376:20)\n    at maybeClose (internal/child_process.js:1055:16)\n    at Process.ChildProcess._handle.onexit (internal/child_process.js:288:5)"
    }
  },
  "2 warn pnpm:global": " Local package.json exists, but node_modules missing, did you mean to install?"
}